============================= test session starts ==============================
platform linux -- Python 3.8.10, pytest-8.3.5, pluggy-1.5.0 -- /root/miniconda3/bin/python
cachedir: .pytest_cache
rootdir: /root/tiny-object-research
configfile: pytest.ini
plugins: anyio-3.6.2
collecting ... collected 21 items

tests/test_dataset_audit.py::test_data_manifest_integrity PASSED         [  4%]
tests/test_dataset_audit.py::test_aitodv2_config_classes PASSED          [  9%]
tests/test_fcos_pyramid.py::test_fcos_b0_config PASSED                   [ 14%]
tests/test_fcos_pyramid.py::test_fcos_b1_config PASSED                   [ 19%]
tests/test_fcos_pyramid.py::test_b0_b1_fairness_alignment PASSED         [ 23%]
tests/test_pdd.py::test_space_to_depth_shape_and_lossless PASSED         [ 28%]
tests/test_pdd.py::test_pdd_forward_and_backward PASSED                  [ 33%]
tests/test_pdd.py::test_pdd_split_ratios PASSED                          [ 38%]
tests/test_pdd.py::test_pdd_parameter_overhead PASSED                    [ 42%]
tests/test_pdd.py::test_resnet_with_pdd_single_position PASSED           [ 47%]
tests/test_research_dashboard.py::ResearchDashboardTest::test_payload_surfaces_governance_and_document_drift PASSED [ 52%]
tests/test_research_dashboard.py::ResearchDashboardTest::test_payload_uses_current_reviewed_evidence PASSED [ 57%]
tests/test_research_dashboard.py::ResearchDashboardTest::test_rendered_data_contains_stable_fingerprint PASSED [ 61%]
tests/test_tiny_evaluator.py::test_effective_scale_formula PASSED        [ 66%]
tests/test_tiny_evaluator.py::test_diagnostic_bins_boundaries PASSED     [ 71%]
tests/test_tiny_evaluator.py::test_scale_bins_conservation PASSED        [ 76%]
tests/test_tiny_evaluator.py::test_exact_2_8px_scale_boundaries PASSED   [ 80%]
tests/test_tiny_evaluator.py::test_pipeline_inverse_coordinate_mapping PASSED [ 85%]
tests/test_tiny_evaluator.py::test_perfect_and_empty_predictions PASSED  [ 90%]
tests/test_tiny_evaluator.py::test_prediction_sensitivity PASSED         [ 95%]
tests/test_tiny_evaluator.py::test_repeatability PASSED                  [100%]

=============================== warnings summary ===============================
../miniconda3/lib/python3.8/site-packages/jupyter_client/connect.py:20
  /root/miniconda3/lib/python3.8/site-packages/jupyter_client/connect.py:20: DeprecationWarning: Jupyter is migrating its paths to use standard platformdirs
  given by the platformdirs library.  To remove this warning and
  see the appropriate new directories, set the environment variable
  `JUPYTER_PLATFORM_DIRS=1` and then run `jupyter --paths`.
  The use of platformdirs will be the default in `jupyter_core` v6
    from jupyter_core.paths import jupyter_data_dir, jupyter_runtime_dir, secure_write

-- Docs: https://docs.pytest.org/en/stable/how-to/capture-warnings.html
======================== 21 passed, 1 warning in 4.94s =========================
